<?xml version="1.0" encoding="utf-8"?><testsuites name="pytest tests"><testsuite name="pytest" errors="0" failures="0" skipped="0" tests="45" time="6.645" timestamp="2026-04-16T04:36:15.426084+00:00" hostname="agent-env-ee01a2a7-abd6-479d-aa68-d02618c14723"><testcase classname="tests.test_frontier_ledger.TestHealth" name="test_health_check" time="0.289" /><testcase classname="tests.test_frontier_ledger.TestAuthMockDiscord" name="test_mock_discord_login_new_user" time="0.141" /><testcase classname="tests.test_frontier_ledger.TestAuthMockDiscord" name="test_mock_discord_login_existing_user" time="0.157" /><testcase classname="tests.test_frontier_ledger.TestAuthMockDiscord" name="test_get_me_with_discord_token" time="0.143" /><testcase classname="tests.test_frontier_ledger.TestAuthEmail" name="test_email_register" time="0.338" /><testcase classname="tests.test_frontier_ledger.TestAuthEmail" name="test_email_register_duplicate" time="0.125" /><testcase classname="tests.test_frontier_ledger.TestAuthEmail" name="test_email_login" time="0.358" /><testcase classname="tests.test_frontier_ledger.TestAuthEmail" name="test_email_login_wrong_password" time="0.362" /><testcase classname="tests.test_frontier_ledger.TestAuthEmail" name="test_email_login_nonexistent_user" time="0.111" /><testcase classname="tests.test_frontier_ledger.TestOrganizations" name="test_create_organization" time="0.129" /><testcase classname="tests.test_frontier_ledger.TestOrganizations" name="test_list_organizations" time="0.115" /><testcase classname="tests.test_frontier_ledger.TestOrganizations" name="test_get_organization" time="0.154" /><testcase classname="tests.test_frontier_ledger.TestOrganizations" name="test_join_organization_with_invite" time="0.146" /><testcase classname="tests.test_frontier_ledger.TestOrganizations" name="test_join_organization_invalid_code" time="0.105" /><testcase classname="tests.test_frontier_ledger.TestInventory" name="test_create_inventory_item" time="0.157" /><testcase classname="tests.test_frontier_ledger.TestInventory" name="test_list_inventory" time="0.108" /><testcase classname="tests.test_frontier_ledger.TestInventory" name="test_quick_update_plus_one" time="0.105" /><testcase classname="tests.test_frontier_ledger.TestInventory" name="test_quick_update_plus_five" time="0.102" /><testcase classname="tests.test_frontier_ledger.TestInventory" name="test_quick_update_minus_one" time="0.109" /><testcase classname="tests.test_frontier_ledger.TestInventory" name="test_quick_update_minus_five" time="0.108" /><testcase classname="tests.test_frontier_ledger.TestInventory" name="test_update_inventory_item" time="0.109" /><testcase classname="tests.test_frontier_ledger.TestInventory" name="test_delete_inventory_item" time="0.105" /><testcase classname="tests.test_frontier_ledger.TestTreasury" name="test_get_initial_balance" time="0.120" /><testcase classname="tests.test_frontier_ledger.TestTreasury" name="test_create_deposit" time="0.134" /><testcase classname="tests.test_frontier_ledger.TestTreasury" name="test_create_withdrawal" time="0.126" /><testcase classname="tests.test_frontier_ledger.TestTreasury" name="test_get_balance_after_transactions" time="0.117" /><testcase classname="tests.test_frontier_ledger.TestTreasury" name="test_list_transactions" time="0.112" /><testcase classname="tests.test_frontier_ledger.TestCrops" name="test_plant_crop" time="0.157" /><testcase classname="tests.test_frontier_ledger.TestCrops" name="test_list_crops" time="0.110" /><testcase classname="tests.test_frontier_ledger.TestCrops" name="test_update_crop" time="0.108" /><testcase classname="tests.test_frontier_ledger.TestCrops" name="test_harvest_crop" time="0.109" /><testcase classname="tests.test_frontier_ledger.TestCrops" name="test_delete_crop" time="0.101" /><testcase classname="tests.test_frontier_ledger.TestAssets" name="test_create_asset" time="0.132" /><testcase classname="tests.test_frontier_ledger.TestAssets" name="test_list_assets" time="0.104" /><testcase classname="tests.test_frontier_ledger.TestAssets" name="test_update_asset" time="0.131" /><testcase classname="tests.test_frontier_ledger.TestAssets" name="test_delete_asset" time="0.105" /><testcase classname="tests.test_frontier_ledger.TestTasks" name="test_create_task" time="0.161" /><testcase classname="tests.test_frontier_ledger.TestTasks" name="test_list_tasks" time="0.111" /><testcase classname="tests.test_frontier_ledger.TestTasks" name="test_complete_task" time="0.110" /><testcase classname="tests.test_frontier_ledger.TestTasks" name="test_delete_task" time="0.107" /><testcase classname="tests.test_frontier_ledger.TestAuditLog" name="test_get_audit_log" time="0.120" /><testcase classname="tests.test_frontier_ledger.TestStats" name="test_get_org_stats" time="0.111" /><testcase classname="tests.test_frontier_ledger.TestRoles" name="test_update_member_role_as_leader" time="0.254" /><testcase classname="tests.test_frontier_ledger.TestRoles" name="test_update_member_role_as_non_leader" time="0.226" /><testcase classname="tests.test_frontier_ledger.TestDiscordWebhook" name="test_discord_webhook_test" time="0.118" /></testsuite></testsuites>