<?xml version="1.0" encoding="utf-8"?><testsuites name="pytest tests"><testsuite name="pytest" errors="0" failures="0" skipped="0" tests="16" time="3.979" timestamp="2026-04-16T12:57:51.040467+00:00" hostname="agent-env-ee01a2a7-abd6-479d-aa68-d02618c14723"><testcase classname="tests.test_premium_features.TestPremiumSubscription" name="test_01_login_user" time="0.314" /><testcase classname="tests.test_premium_features.TestPremiumSubscription" name="test_02_get_subscription_free_user" time="0.192" /><testcase classname="tests.test_premium_features.TestPremiumSubscription" name="test_03_create_checkout_session" time="0.966" /><testcase classname="tests.test_premium_features.TestOrgLimits" name="test_01_create_first_org" time="0.224" /><testcase classname="tests.test_premium_features.TestOrgLimits" name="test_02_create_second_org" time="0.201" /><testcase classname="tests.test_premium_features.TestOrgLimits" name="test_03_verify_subscription_shows_2_orgs" time="0.224" /><testcase classname="tests.test_premium_features.TestOrgLimits" name="test_04_create_third_org_should_fail" time="0.216" /><testcase classname="tests.test_premium_features.TestAnalyticsPremiumGate" name="test_01_analytics_inventory_requires_premium" time="0.156" /><testcase classname="tests.test_premium_features.TestAnalyticsPremiumGate" name="test_02_analytics_treasury_requires_premium" time="0.173" /><testcase classname="tests.test_premium_features.TestAnalyticsPremiumGate" name="test_03_analytics_crops_requires_premium" time="0.141" /><testcase classname="tests.test_premium_features.TestExportPremiumGate" name="test_01_export_inventory_requires_premium" time="0.185" /><testcase classname="tests.test_premium_features.TestExportPremiumGate" name="test_02_export_treasury_requires_premium" time="0.298" /><testcase classname="tests.test_premium_features.TestExistingFeaturesStillWork" name="test_01_create_inventory_item" time="0.224" /><testcase classname="tests.test_premium_features.TestExistingFeaturesStillWork" name="test_02_create_treasury_transaction" time="0.120" /><testcase classname="tests.test_premium_features.TestExistingFeaturesStillWork" name="test_03_create_crop" time="0.118" /><testcase classname="tests.test_premium_features.TestExistingFeaturesStillWork" name="test_04_get_org_stats" time="0.161" /></testsuite></testsuites>